PMI_MAX_KVS_ENTRIES=320 PMI_NO_PREINITIALIZE=y srun --job-name=CHPL-ig --quiet --nodes=16 --ntasks=32 --cpus-per-task=128 --cpu-bind=none --exclusive --mem=0 --kill-on-bad-exit --partition=epyc7763  /scratch2/hartman/git/chapel/perf/ig_real -v -nl 32
24: using socket 0
QTHREADS: Using 64 Shepherds
QTHREADS: Using 1 Workers per Shepherd
QTHREADS: Using 8384512 byte stack size.
executing on node 24 of 32 node(s): nid000033
0: using socket 0
oversubscribed = False
QTHREADS: Using 64 Shepherds
QTHREADS: Using 1 Workers per Shepherd
QTHREADS: Using 8384512 byte stack size.
COMM=ofi: message-order-fence MCM mode, "cxi" provider, "cxi0" device, 100G fixed heap, bound endpoints
executing on node 0 of 32 node(s): nid000021
8: using socket 0
QTHREADS: Using 64 Shepherds
QTHREADS: Using 1 Workers per Shepherd
QTHREADS: Using 8384512 byte stack size.
executing on node 8 of 32 node(s): nid000025
16: using socket 0
QTHREADS: Using 64 Shepherds
QTHREADS: Using 1 Workers per Shepherd
QTHREADS: Using 8384512 byte stack size.
executing on node 16 of 32 node(s): nid000029
6: using socket 0
QTHREADS: Using 64 Shepherds
QTHREADS: Using 1 Workers per Shepherd
QTHREADS: Using 8384512 byte stack size.
executing on node 6 of 32 node(s): nid000024
20: using socket 0
QTHREADS: Using 64 Shepherds
QTHREADS: Using 1 Workers per Shepherd
QTHREADS: Using 8384512 byte stack size.
executing on node 20 of 32 node(s): nid000031
14: using socket 0
QTHREADS: Using 64 Shepherds
QTHREADS: Using 1 Workers per Shepherd
QTHREADS: Using 8384512 byte stack size.
executing on node 14 of 32 node(s): nid000028
26: using socket 0
QTHREADS: Using 64 Shepherds
QTHREADS: Using 1 Workers per Shepherd
QTHREADS: Using 8384512 byte stack size.
executing on node 26 of 32 node(s): nid000034
10: using socket 0
QTHREADS: Using 64 Shepherds
QTHREADS: Using 1 Workers per Shepherd
QTHREADS: Using 8384512 byte stack size.
executing on node 10 of 32 node(s): nid000026
30: using socket 0
QTHREADS: Using 64 Shepherds
QTHREADS: Using 1 Workers per Shepherd
QTHREADS: Using 8384512 byte stack size.
executing on node 30 of 32 node(s): nid000036
22: using socket 0
QTHREADS: Using 64 Shepherds
QTHREADS: Using 1 Workers per Shepherd
QTHREADS: Using 8384512 byte stack size.
executing on node 22 of 32 node(s): nid000032
28: using socket 0
QTHREADS: Using 64 Shepherds
QTHREADS: Using 1 Workers per Shepherd
QTHREADS: Using 8384512 byte stack size.
executing on node 28 of 32 node(s): nid000035
12: using socket 0
QTHREADS: Using 64 Shepherds
QTHREADS: Using 1 Workers per Shepherd
QTHREADS: Using 8384512 byte stack size.
executing on node 12 of 32 node(s): nid000027
4: using socket 0
QTHREADS: Using 64 Shepherds
QTHREADS: Using 1 Workers per Shepherd
QTHREADS: Using 8384512 byte stack size.
executing on node 4 of 32 node(s): nid000023
2: using socket 0
QTHREADS: Using 64 Shepherds
QTHREADS: Using 1 Workers per Shepherd
QTHREADS: Using 8384512 byte stack size.
executing on node 2 of 32 node(s): nid000022
18: using socket 0
QTHREADS: Using 64 Shepherds
QTHREADS: Using 1 Workers per Shepherd
QTHREADS: Using 8384512 byte stack size.
executing on node 18 of 32 node(s): nid000030
25: using socket 1
QTHREADS: Using 64 Shepherds
QTHREADS: Using 1 Workers per Shepherd
QTHREADS: Using 8384512 byte stack size.
executing on node 25 of 32 node(s): nid000033
1: using socket 1
QTHREADS: Using 64 Shepherds
QTHREADS: Using 1 Workers per Shepherd
QTHREADS: Using 8384512 byte stack size.
executing on node 1 of 32 node(s): nid000021
9: using socket 1
QTHREADS: Using 64 Shepherds
QTHREADS: Using 1 Workers per Shepherd
QTHREADS: Using 8384512 byte stack size.
executing on node 9 of 32 node(s): nid000025
17: using socket 1
QTHREADS: Using 64 Shepherds
QTHREADS: Using 1 Workers per Shepherd
QTHREADS: Using 8384512 byte stack size.
executing on node 17 of 32 node(s): nid000029
7: using socket 1
QTHREADS: Using 64 Shepherds
QTHREADS: Using 1 Workers per Shepherd
QTHREADS: Using 8384512 byte stack size.
executing on node 7 of 32 node(s): nid000024
21: using socket 1
QTHREADS: Using 64 Shepherds
QTHREADS: Using 1 Workers per Shepherd
QTHREADS: Using 8384512 byte stack size.
executing on node 21 of 32 node(s): nid000031
15: using socket 1
QTHREADS: Using 64 Shepherds
QTHREADS: Using 1 Workers per Shepherd
QTHREADS: Using 8384512 byte stack size.
executing on node 15 of 32 node(s): nid000028
27: using socket 1
QTHREADS: Using 64 Shepherds
QTHREADS: Using 1 Workers per Shepherd
QTHREADS: Using 8384512 byte stack size.
executing on node 27 of 32 node(s): nid000034
11: using socket 1
QTHREADS: Using 64 Shepherds
QTHREADS: Using 1 Workers per Shepherd
QTHREADS: Using 8384512 byte stack size.
executing on node 11 of 32 node(s): nid000026
31: using socket 1
QTHREADS: Using 64 Shepherds
QTHREADS: Using 1 Workers per Shepherd
QTHREADS: Using 8384512 byte stack size.
executing on node 31 of 32 node(s): nid000036
23: using socket 1
QTHREADS: Using 64 Shepherds
QTHREADS: Using 1 Workers per Shepherd
QTHREADS: Using 8384512 byte stack size.
executing on node 23 of 32 node(s): nid000032
29: using socket 1
QTHREADS: Using 64 Shepherds
QTHREADS: Using 1 Workers per Shepherd
QTHREADS: Using 8384512 byte stack size.
executing on node 29 of 32 node(s): nid000035
13: using socket 1
QTHREADS: Using 64 Shepherds
QTHREADS: Using 1 Workers per Shepherd
QTHREADS: Using 8384512 byte stack size.
executing on node 13 of 32 node(s): nid000027
5: using socket 1
QTHREADS: Using 64 Shepherds
QTHREADS: Using 1 Workers per Shepherd
QTHREADS: Using 8384512 byte stack size.
executing on node 5 of 32 node(s): nid000023
3: using socket 1
QTHREADS: Using 64 Shepherds
QTHREADS: Using 1 Workers per Shepherd
QTHREADS: Using 8384512 byte stack size.
executing on node 3 of 32 node(s): nid000022
19: using socket 1
QTHREADS: Using 64 Shepherds
QTHREADS: Using 1 Workers per Shepherd
QTHREADS: Using 8384512 byte stack size.
executing on node 19 of 32 node(s): nid000030
       AGG:	1.435 seconds	7.134 GB/s/node
