PMI_MAX_KVS_ENTRIES=320 PMI_NO_PREINITIALIZE=y srun --job-name=CHPL-stream --quiet --nodes=16 --ntasks=32 --cpus-per-task=128 --cpu-bind=none --exclusive --mem=0 --kill-on-bad-exit --partition=epyc7763  /scratch2/hartman/git/chapel/perf/stream_real --m=68719476736 -v -nl 32
14: using socket 0
QTHREADS: Using 64 Shepherds
QTHREADS: Using 1 Workers per Shepherd
QTHREADS: Using 8384512 byte stack size.
executing on node 14 of 32 node(s): nid000028
6: using socket 0
QTHREADS: Using 64 Shepherds
QTHREADS: Using 1 Workers per Shepherd
QTHREADS: Using 8384512 byte stack size.
executing on node 6 of 32 node(s): nid000024
16: using socket 0
QTHREADS: Using 64 Shepherds
QTHREADS: Using 1 Workers per Shepherd
QTHREADS: Using 8384512 byte stack size.
executing on node 16 of 32 node(s): nid000029
4: using socket 0
QTHREADS: Using 64 Shepherds
QTHREADS: Using 1 Workers per Shepherd
QTHREADS: Using 8384512 byte stack size.
executing on node 4 of 32 node(s): nid000023
30: using socket 0
QTHREADS: Using 64 Shepherds
QTHREADS: Using 1 Workers per Shepherd
QTHREADS: Using 8384512 byte stack size.
executing on node 30 of 32 node(s): nid000036
2: using socket 0
QTHREADS: Using 64 Shepherds
QTHREADS: Using 1 Workers per Shepherd
QTHREADS: Using 8384512 byte stack size.
executing on node 2 of 32 node(s): nid000022
10: using socket 0
QTHREADS: Using 64 Shepherds
QTHREADS: Using 1 Workers per Shepherd
QTHREADS: Using 8384512 byte stack size.
executing on node 10 of 32 node(s): nid000026
24: using socket 0
QTHREADS: Using 64 Shepherds
QTHREADS: Using 1 Workers per Shepherd
QTHREADS: Using 8384512 byte stack size.
executing on node 24 of 32 node(s): nid000033
26: using socket 0
QTHREADS: Using 64 Shepherds
QTHREADS: Using 1 Workers per Shepherd
QTHREADS: Using 8384512 byte stack size.
executing on node 26 of 32 node(s): nid000034
12: using socket 0
QTHREADS: Using 64 Shepherds
QTHREADS: Using 1 Workers per Shepherd
QTHREADS: Using 8384512 byte stack size.
executing on node 12 of 32 node(s): nid000027
22: using socket 0
QTHREADS: Using 64 Shepherds
QTHREADS: Using 1 Workers per Shepherd
QTHREADS: Using 8384512 byte stack size.
executing on node 22 of 32 node(s): nid000032
20: using socket 0
QTHREADS: Using 64 Shepherds
QTHREADS: Using 1 Workers per Shepherd
QTHREADS: Using 8384512 byte stack size.
executing on node 20 of 32 node(s): nid000031
8: using socket 0
QTHREADS: Using 64 Shepherds
QTHREADS: Using 1 Workers per Shepherd
QTHREADS: Using 8384512 byte stack size.
executing on node 8 of 32 node(s): nid000025
18: using socket 0
QTHREADS: Using 64 Shepherds
QTHREADS: Using 1 Workers per Shepherd
QTHREADS: Using 8384512 byte stack size.
executing on node 18 of 32 node(s): nid000030
0: using socket 0
oversubscribed = False
QTHREADS: Using 64 Shepherds
QTHREADS: Using 1 Workers per Shepherd
QTHREADS: Using 8384512 byte stack size.
COMM=ofi: message-order-fence MCM mode, "cxi" provider, "cxi0" device, 100G fixed heap, bound endpoints
executing on node 0 of 32 node(s): nid000021
15: using socket 1
QTHREADS: Using 64 Shepherds
QTHREADS: Using 1 Workers per Shepherd
QTHREADS: Using 8384512 byte stack size.
executing on node 15 of 32 node(s): nid000028
28: using socket 0
QTHREADS: Using 64 Shepherds
QTHREADS: Using 1 Workers per Shepherd
QTHREADS: Using 8384512 byte stack size.
executing on node 28 of 32 node(s): nid000035
7: using socket 1
QTHREADS: Using 64 Shepherds
QTHREADS: Using 1 Workers per Shepherd
QTHREADS: Using 8384512 byte stack size.
executing on node 7 of 32 node(s): nid000024
17: using socket 1
QTHREADS: Using 64 Shepherds
QTHREADS: Using 1 Workers per Shepherd
QTHREADS: Using 8384512 byte stack size.
executing on node 17 of 32 node(s): nid000029
5: using socket 1
QTHREADS: Using 64 Shepherds
QTHREADS: Using 1 Workers per Shepherd
QTHREADS: Using 8384512 byte stack size.
executing on node 5 of 32 node(s): nid000023
31: using socket 1
QTHREADS: Using 64 Shepherds
QTHREADS: Using 1 Workers per Shepherd
QTHREADS: Using 8384512 byte stack size.
executing on node 31 of 32 node(s): nid000036
3: using socket 1
QTHREADS: Using 64 Shepherds
QTHREADS: Using 1 Workers per Shepherd
QTHREADS: Using 8384512 byte stack size.
executing on node 3 of 32 node(s): nid000022
11: using socket 1
QTHREADS: Using 64 Shepherds
QTHREADS: Using 1 Workers per Shepherd
QTHREADS: Using 8384512 byte stack size.
executing on node 11 of 32 node(s): nid000026
25: using socket 1
QTHREADS: Using 64 Shepherds
QTHREADS: Using 1 Workers per Shepherd
QTHREADS: Using 8384512 byte stack size.
executing on node 25 of 32 node(s): nid000033
27: using socket 1
QTHREADS: Using 64 Shepherds
QTHREADS: Using 1 Workers per Shepherd
QTHREADS: Using 8384512 byte stack size.
executing on node 27 of 32 node(s): nid000034
13: using socket 1
QTHREADS: Using 64 Shepherds
QTHREADS: Using 1 Workers per Shepherd
QTHREADS: Using 8384512 byte stack size.
executing on node 13 of 32 node(s): nid000027
23: using socket 1
QTHREADS: Using 64 Shepherds
QTHREADS: Using 1 Workers per Shepherd
QTHREADS: Using 8384512 byte stack size.
executing on node 23 of 32 node(s): nid000032
21: using socket 1
QTHREADS: Using 64 Shepherds
QTHREADS: Using 1 Workers per Shepherd
QTHREADS: Using 8384512 byte stack size.
executing on node 21 of 32 node(s): nid000031
9: using socket 1
QTHREADS: Using 64 Shepherds
QTHREADS: Using 1 Workers per Shepherd
QTHREADS: Using 8384512 byte stack size.
executing on node 9 of 32 node(s): nid000025
19: using socket 1
QTHREADS: Using 64 Shepherds
QTHREADS: Using 1 Workers per Shepherd
QTHREADS: Using 8384512 byte stack size.
executing on node 19 of 32 node(s): nid000030
1: using socket 1
QTHREADS: Using 64 Shepherds
QTHREADS: Using 1 Workers per Shepherd
QTHREADS: Using 8384512 byte stack size.
executing on node 1 of 32 node(s): nid000021
29: using socket 1
QTHREADS: Using 64 Shepherds
QTHREADS: Using 1 Workers per Shepherd
QTHREADS: Using 8384512 byte stack size.
executing on node 29 of 32 node(s): nid000035
Number of Locales = 32
Tasks per locale = 0
Problem size = 68719476736 (2**36)
Bytes per array = 549755813888
Total memory required (GB) = 1536.0
Number of trials = 10

Validation: SUCCESS
Execution time:
  tot = 6.28176
  avg = 0.628176
  min = 0.617056
Performance (GB/s) = 2672.8
